e:\shagufta\workspace\opengl\unagi_1\unagi_1\x64\debug\vc141.pdb
e:\shagufta\workspace\opengl\unagi_1\unagi_1\x64\debug\vc141.idb
e:\shagufta\workspace\opengl\unagi_1\unagi_1\x64\debug\camera.obj
e:\shagufta\workspace\opengl\unagi_1\unagi_1\x64\debug\inputsystem.obj
e:\shagufta\workspace\opengl\unagi_1\unagi_1\x64\debug\mesh.obj
e:\shagufta\workspace\opengl\unagi_1\unagi_1\x64\debug\material.obj
e:\shagufta\workspace\opengl\unagi_1\unagi_1\x64\debug\light.obj
e:\shagufta\workspace\opengl\unagi_1\unagi_1\x64\debug\main.obj
e:\shagufta\workspace\opengl\unagi_1\unagi_1\x64\debug\matrix3x3.obj
e:\shagufta\workspace\opengl\unagi_1\unagi_1\x64\debug\matrix4.obj
e:\shagufta\workspace\opengl\unagi_1\unagi_1\x64\debug\vector2.obj
e:\shagufta\workspace\opengl\unagi_1\unagi_1\x64\debug\vector3.obj
e:\shagufta\workspace\opengl\unagi_1\unagi_1\x64\debug\vector4.obj
e:\shagufta\workspace\opengl\unagi_1\unagi_1\x64\debug\scene.obj
e:\shagufta\workspace\opengl\unagi_1\unagi_1\x64\debug\window.obj
e:\shagufta\workspace\opengl\unagi_1\x64\debug\unagi_1.pdb
e:\shagufta\workspace\opengl\unagi_1\unagi_1\x64\debug\unagi_1.tlog\cl.command.1.tlog
e:\shagufta\workspace\opengl\unagi_1\unagi_1\x64\debug\unagi_1.tlog\cl.read.1.tlog
e:\shagufta\workspace\opengl\unagi_1\unagi_1\x64\debug\unagi_1.tlog\cl.write.1.tlog
e:\shagufta\workspace\opengl\unagi_1\unagi_1\x64\debug\unagi_1.tlog\link-cvtres.read.1.tlog
e:\shagufta\workspace\opengl\unagi_1\unagi_1\x64\debug\unagi_1.tlog\link-cvtres.write.1.tlog
e:\shagufta\workspace\opengl\unagi_1\unagi_1\x64\debug\unagi_1.tlog\link-rc.read.1.tlog
e:\shagufta\workspace\opengl\unagi_1\unagi_1\x64\debug\unagi_1.tlog\link-rc.write.1.tlog
e:\shagufta\workspace\opengl\unagi_1\unagi_1\x64\debug\unagi_1.tlog\link.14652-cvtres.read.1.tlog
e:\shagufta\workspace\opengl\unagi_1\unagi_1\x64\debug\unagi_1.tlog\link.14652-cvtres.write.1.tlog
e:\shagufta\workspace\opengl\unagi_1\unagi_1\x64\debug\unagi_1.tlog\link.14652-rc.read.1.tlog
e:\shagufta\workspace\opengl\unagi_1\unagi_1\x64\debug\unagi_1.tlog\link.14652-rc.write.1.tlog
e:\shagufta\workspace\opengl\unagi_1\unagi_1\x64\debug\unagi_1.tlog\link.14652.read.1.tlog
e:\shagufta\workspace\opengl\unagi_1\unagi_1\x64\debug\unagi_1.tlog\link.14652.write.1.tlog
e:\shagufta\workspace\opengl\unagi_1\unagi_1\x64\debug\unagi_1.tlog\link.command.1.tlog
e:\shagufta\workspace\opengl\unagi_1\unagi_1\x64\debug\unagi_1.tlog\link.read.1.tlog
e:\shagufta\workspace\opengl\unagi_1\unagi_1\x64\debug\unagi_1.tlog\link.write.1.tlog
