e:\shagufta\workspace\opengl\unagi_1\unagi_1\debug\vc140.pdb
e:\shagufta\workspace\opengl\unagi_1\unagi_1\debug\vc140.idb
e:\shagufta\workspace\opengl\unagi_1\unagi_1\debug\camera.obj
e:\shagufta\workspace\opengl\unagi_1\unagi_1\debug\inputsystem.obj
e:\shagufta\workspace\opengl\unagi_1\unagi_1\debug\mesh.obj
e:\shagufta\workspace\opengl\unagi_1\unagi_1\debug\material.obj
e:\shagufta\workspace\opengl\unagi_1\unagi_1\debug\light.obj
e:\shagufta\workspace\opengl\unagi_1\unagi_1\debug\main.obj
e:\shagufta\workspace\opengl\unagi_1\unagi_1\debug\matrix3x3.obj
e:\shagufta\workspace\opengl\unagi_1\unagi_1\debug\matrix4.obj
e:\shagufta\workspace\opengl\unagi_1\unagi_1\debug\vector3.obj
e:\shagufta\workspace\opengl\unagi_1\unagi_1\debug\vector4.obj
e:\shagufta\workspace\opengl\unagi_1\unagi_1\debug\scene.obj
e:\shagufta\workspace\opengl\unagi_1\unagi_1\debug\vector2.obj
e:\shagufta\workspace\opengl\unagi_1\unagi_1\debug\window.obj
e:\shagufta\workspace\opengl\unagi_1\debug\unagi_1.ilk
e:\shagufta\workspace\opengl\unagi_1\debug\unagi_1.exe
e:\shagufta\workspace\opengl\unagi_1\debug\unagi_1.pdb
e:\shagufta\workspace\opengl\unagi_1\unagi_1\debug\unagi_1.tlog\cl.command.1.tlog
e:\shagufta\workspace\opengl\unagi_1\unagi_1\debug\unagi_1.tlog\cl.read.1.tlog
e:\shagufta\workspace\opengl\unagi_1\unagi_1\debug\unagi_1.tlog\cl.write.1.tlog
e:\shagufta\workspace\opengl\unagi_1\unagi_1\debug\unagi_1.tlog\link.command.1.tlog
e:\shagufta\workspace\opengl\unagi_1\unagi_1\debug\unagi_1.tlog\link.read.1.tlog
e:\shagufta\workspace\opengl\unagi_1\unagi_1\debug\unagi_1.tlog\link.write.1.tlog
